<?xml version="1.0" encoding="UTF-8"?>
<!-- Generated by org.testng.reporters.JUnitReportReporter -->
<testsuite hostname="Alimbayevas-MacBook-Pro.local" failures="0" tests="1" name="com.github.test.GitHubTests" time="21.827" errors="0" timestamp="2025-01-25T18:21:25 GMT+05:00" skipped="0">
  <testcase classname="com.github.test.GitHubTests" name="searchGitHub" time="21.827"/>
  <system-out/>
</testsuite> <!-- com.github.test.GitHubTests -->
